2023-02-03T09:32:07.655040-05:00 KALIFORNIAGL mtp-probe: checking bus 1, device 4: "/sys/devices/pci0000:00/0000:00:14.0/usb1/1-4"
2023-02-03T09:32:07.655045-05:00 KALIFORNIAGL mtp-probe: checking bus 1, device 3: "/sys/devices/pci0000:00/0000:00:14.0/usb1/1-3"
2023-02-03T09:32:07.655052-05:00 KALIFORNIAGL mtp-probe: bus: 1, device: 4 was not an MTP device
2023-02-03T09:32:07.655061-05:00 KALIFORNIAGL mtp-probe: bus: 1, device: 3 was not an MTP device
2023-02-03T09:32:07.655070-05:00 KALIFORNIAGL mtp-probe: checking bus 1, device 5: "/sys/devices/pci0000:00/0000:00:14.0/usb1/1-6"
2023-02-03T09:32:07.655074-05:00 KALIFORNIAGL mtp-probe: checking bus 2, device 2: "/sys/devices/pci0000:00/0000:00:14.0/usb2/2-6"
2023-02-03T09:32:07.655078-05:00 KALIFORNIAGL mtp-probe: bus: 1, device: 5 was not an MTP device
2023-02-03T09:32:07.655083-05:00 KALIFORNIAGL mtp-probe: bus: 2, device: 2 was not an MTP device
2023-02-03T09:32:07.655086-05:00 KALIFORNIAGL mtp-probe: checking bus 1, device 6: "/sys/devices/pci0000:00/0000:00:14.0/usb1/1-9"
2023-02-03T09:32:07.655101-05:00 KALIFORNIAGL mtp-probe: checking bus 1, device 7: "/sys/devices/pci0000:00/0000:00:14.0/usb1/1-13"
2023-02-03T09:32:07.655104-05:00 KALIFORNIAGL mtp-probe: checking bus 1, device 2: "/sys/devices/pci0000:00/0000:00:14.0/usb1/1-2"
2023-02-03T09:32:07.655107-05:00 KALIFORNIAGL mtp-probe: bus: 1, device: 7 was not an MTP device
2023-02-03T09:32:07.655110-05:00 KALIFORNIAGL mtp-probe: bus: 1, device: 6 was not an MTP device
2023-02-03T09:32:07.655113-05:00 KALIFORNIAGL mtp-probe: bus: 1, device: 2 was not an MTP device
2023-02-03T09:32:16.133773-05:00 KALIFORNIAGL pulseaudio[1595]: The decibel volume range for element 'Mic' (-3000 dB - -100 dB) has negative maximum. Disabling the decibel range.
2023-02-03T09:34:01.828238-05:00 KALIFORNIAGL pulseaudio[1595]: Error opening PCM device hdmi:2,1: Permission denied
2023-02-03T09:34:01.828344-05:00 KALIFORNIAGL pulseaudio[1595]: Error opening PCM device hw:0,0,0: No such file or directory
2023-02-03T09:34:01.828415-05:00 KALIFORNIAGL pulseaudio[1595]: Error opening PCM device hw:0,1,0: No such file or directory
2023-02-03T09:34:01.828556-05:00 KALIFORNIAGL pulseaudio[1595]: Error opening PCM device front:1: No such file or directory
2023-02-03T09:34:01.828612-05:00 KALIFORNIAGL pulseaudio[1595]: Error opening PCM device hw:0,0,0: No such file or directory
2023-02-03T09:34:02.329132-05:00 KALIFORNIAGL pulseaudio[1874]: The decibel volume range for element 'Mic' (-3000 dB - -100 dB) has negative maximum. Disabling the decibel range.
2023-02-03T09:36:18.251110-05:00 KALIFORNIAGL xdg-desktop-portal[2061]: pw.conf: can't load config client.conf: No such file or directory
2023-02-03T09:36:18.251226-05:00 KALIFORNIAGL xdg-desktop-portal[2061]: pw.conf: can't load default config client.conf: No such file or directory
2023-02-03T09:36:18.251305-05:00 KALIFORNIAGL xdg-desktop-por[2061]: Failed connect to PipeWire: Couldn't create PipeWire context
2023-02-03T09:36:22.622313-05:00 KALIFORNIAGL udisksd[2596]: udisks daemon version 2.9.4 starting
2023-02-03T09:36:22.635094-05:00 KALIFORNIAGL udisksd[2596]: failed to load module mdraid: libbd_mdraid.so.2: cannot open shared object file: No such file or directory
2023-02-03T09:36:22.641878-05:00 KALIFORNIAGL udisksd[2596]: Failed to load the 'mdraid' libblockdev plugin
2023-02-03T09:36:23.119625-05:00 KALIFORNIAGL udisksd[2596]: Acquired the name org.freedesktop.UDisks2 on the system message bus
2023-02-03T09:36:23.299733-05:00 KALIFORNIAGL goa-daemon[2653]: goa-daemon version 3.46.0 starting
2023-02-03T09:36:36.290346-05:00 KALIFORNIAGL org.freedesktop.portal.Documents[3491]: Ignoring invalid max threads value 4294967295 > max (100000).
2023-02-03T09:36:36.337711-05:00 KALIFORNIAGL org.freedesktop.portal.Desktop[3486]: [W][00275.333809] pw.conf      | [          conf.c:  939 try_load_conf()] can't load config client.conf: No such file or directory
2023-02-03T09:36:36.337778-05:00 KALIFORNIAGL org.freedesktop.portal.Desktop[3486]: [E][00275.333845] pw.conf      | [          conf.c:  963 pw_conf_load_conf_for_context()] can't load default config client.conf: No such file or directory
2023-02-03T09:36:36.337830-05:00 KALIFORNIAGL xdg-desktop-portal[3486]: pw.conf: can't load config client.conf: No such file or directory
2023-02-03T09:36:36.337866-05:00 KALIFORNIAGL xdg-desktop-portal[3486]: pw.conf: can't load default config client.conf: No such file or directory
2023-02-03T09:36:36.337928-05:00 KALIFORNIAGL xdg-desktop-por[3486]: Failed connect to PipeWire: Couldn't create PipeWire context
2023-02-03T09:36:36.343729-05:00 KALIFORNIAGL org.freedesktop.secrets[3528]: GNOME_KEYRING_CONTROL=/root/.cache/keyring-AAOLZ1
2023-02-03T09:36:36.584038-05:00 KALIFORNIAGL goa-daemon[3593]: goa-daemon version 3.46.0 starting
2023-02-03T09:41:34.588880-05:00 KALIFORNIAGL org.gtk.vfs.Daemon[3513]: A connection to the bus can't be made
2023-02-03T09:41:34.589127-05:00 KALIFORNIAGL xfconfd[3479]: Name org.xfce.Xfconf lost on the message dbus, exiting.
2023-02-03T09:41:34.589361-05:00 KALIFORNIAGL tumblerd[3538]: Name org.freedesktop.thumbnails.Cache1 lost on the message dbus, exiting.
2023-02-03T09:41:34.589635-05:00 KALIFORNIAGL tumblerd[3538]: Name org.freedesktop.thumbnails.Manager1 lost on the message dbus, exiting.
2023-02-03T09:41:34.589736-05:00 KALIFORNIAGL tumblerd[3538]: Name org.freedesktop.thumbnails.Thumbnailer1 lost on the message dbus, exiting.
